
ROM used: 6202 (19%)
          6202 (19%) including unused fragments

          1 Average locations per line
          5 Average locations per statement

RAM used: 1427 (70%) at main() level
          1480 (72%) worst case

Stack used: 15 worst case (out of 24 total available)

Lines Stmts  %   Files
----- ----- ---  -----
  202    93   8  Master.c
  374     0   0  ..\..\..\..\..\..\..\..\..\..\..\..\Program Files (x86)\PICC\devices\18F2550.h
 1493   380  31  ..\..\..\..\..\..\..\..\..\..\..\..\Program Files (x86)\PICC\drivers\STDLIB.H
   28     0   0  ..\..\..\..\..\..\..\..\..\..\..\..\Program Files (x86)\PICC\drivers\stddef.h
  409     0   0  ..\..\..\..\..\..\..\..\..\..\..\..\Program Files (x86)\PICC\drivers\string.h
   28    85   7  ..\..\..\..\..\..\..\..\..\..\..\..\Program Files (x86)\PICC\drivers\ctype.h
   61     0   0  ..\..\..\..\..\..\..\..\..\..\..\..\Program Files (x86)\PICC\drivers\float.h
  526   123  10  ..\..\..\..\..\..\..\..\..\..\..\..\Program Files (x86)\PICC\drivers\usb_cdc.h
 1323   321  26  ..\..\..\..\..\..\..\..\..\..\..\..\Program Files (x86)\PICC\drivers\pic18_usb.h
  828     0   0  ..\..\..\..\..\..\..\..\..\..\..\..\Program Files (x86)\PICC\drivers\usb.h
  239     0   0  ..\..\..\..\..\..\..\..\..\..\..\..\Program Files (x86)\PICC\drivers\usb_desc_cdc.h
  912   229  19  ..\..\..\..\..\..\..\..\..\..\..\..\Program Files (x86)\PICC\drivers\usb.c
----- -----
 6423  1231 Total

Page ROM  %  RAM   Vol Diff  Functions:
---- --- --- ---   --- ----  ----------
0     28   0   1             @I2C_WRITEU_1
0     28   0   1             @I2C_READU_1
0     34   0   5             @MUL1616
0     92   1  14             @MUL3232
0    116   1   4   101  3.8  rand
0     72   1   5             @DIV1616
0     20   0   4    39  2.1  srand
0     32   0   0             @const433
0     32   0   0             @const435
0     48   0   0             @const437
0     48   0   0             @const439
0     44   0   1   149  2.6  usb_detach
0     34   0   0   138  2.1  usb_attach
0     34   0   1   346  4.6  usb_task
0     14   0   0    61  2.5  usb_init
0    226   2   7  1224  5.9  usb_flush_in
0    174   1  14   584  7.5  usb_put_packet
0    238   2   7   940  5.4  usb_flush_out
0     44   0   1    52  2.1  usb_rx_packet_size
0     72   1   4   235  4.5  usb_stall_ep
0     70   1   4   242  4.6  usb_unstall_ep
0     88   1   3   343  5.8  usb_endpoint_stalled
0     26   0   1    88  2.7  usb_set_address
0    434   3  10  1575  8.9  usb_set_configured
0    106   1   0   448  3.7  usb_isr
0      6   0   0    25  1.2  usb_isr_sof
0     48   0   3   142  3.9  usb_disable_endpoints
0     42   0   0   318  4.6  usb_isr_rst
0     30   0   0   343  3.1  usb_init_ep0_setup
0      8   0   0    47  1.5  usb_isr_uerr
0     10   0   0    54  1.5  usb_isr_uidle
0     10   0   0    54  1.5  usb_isr_activity
0     14   0   0   147  3.4  usb_isr_stall
0    240   2   2  1217  7.3  usb_isr_tok_dne
0      6   0   1    25  1.6  usb_request_send_response
0      6   0   0    22  1.2  usb_request_get_data
0      6   0   0    25  0.8  usb_request_stall
0     84   1   0             @const560
0     18   0   0             @const562
0     34   0   0             @const568
0     58   0   0             @const571
0     44   0   3   239  4.0  usb_token_reset
0     90   1   4   201  4.9  usb_endpoint_is_valid
0     50   0   1   204  3.1  usb_isr_tok_in_dne
0     62   0   1   152  3.0  usb_isr_tok_out_dne
0     42   0   0   310  5.4  usb_isr_tok_setup_dne
0    180   1   0  1131  8.2  usb_isr_tkn_setup_StandardDevice
0    168   1   3   691  7.7  usb_isr_tkn_setup_StandardInterface
0    106   1   0   519  5.2  usb_isr_tkn_setup_StandardEndpoint
0    122   1   1   618  7.2  usb_Get_Descriptor
0     14   0   0    76  1.8  usb_finish_set_address
0    152   1   5   554  8.5  usb_copy_desc_seg_to_ep
0    100   1   0   364  5.6  usb_isr_tok_out_cdc_control_dne
0    174   1   0   840  7.7  usb_isr_tkn_cdc
0     22   0   0   112  2.2  usb_isr_tok_out_cdc_data_dne
0     14   0   0    59  2.1  usb_isr_tok_in_cdc_data_dne
0     36   0   0   106  2.5  usb_cdc_flush_out_buffer
0     36   0   0   280  2.3  usb_cdc_init
0     74   1   5   223  4.1  usb_cdc_putc_fast
0     34   0   1    96  2.5  usb_cdc_putc
0    124   1   0   133  2.9  MAIN
0    638   5  10  1741  9.8  Random
0     56   0   0             @goto12413
0    422   3  10   667  6.6  Threat_Data
0     70   1   2             @PRINTF_X_335
0    444   4  10   658  6.4  Send_I2C

Program metrics:
    Functions               51
    Statements              1231
    Comments                2866
    Volume (V)              36198
    Difficilty (D)          218.8
    Effort to implement (E) 7918613
    Time to implement (T)   122 hours, 12 minutes
    Est Delivered Bugs (B)  13
    Cyclomatic Complexity   141
    Maintainability (MI)    44

 Segment     Used  Free
-----------  ----  ----
00000-00002     4  0  
00004-00006     0  4  
00008-0009C   150  0  
0009E-07FFE  6048  26562  



